!SESSION 2022-10-06 10:13:26.436 -----------------------------------------------
eclipse.buildId=unknown
java.fullversion=11.0.13+8
JRE 11 Windows 10 amd64-64-Bit Compressed References 20211022_218 (JIT enabled, AOT enabled)
OpenJ9   - e1e72c497
OMR      - 299b6a2d2
JCL      - 2d83aa3b76 based on jdk-11.0.13+8
BootLoader constants: OS=win32, ARCH=x86_64, WS=win32, NL=en_GB
Command-line arguments:  -clean -nl en_GB -configuration C:\Users\mars\Desktop\optim\opl\.metadata\workspace_oplrun

!ENTRY ilog.odms.ide.opllang.remote 1 0 2022-10-06 10:13:26.437
!MESSAGE Run Ex6 in C:/Users/mars/Desktop/optim/opl/hello-cplex

!ENTRY ilog.odms.ide.opllang.remote 4 0 2022-10-06 12:32:47.239
!MESSAGE No OPL IDE for this oplrun

!ENTRY ilog.odms.ide.opllang 1 0 2022-10-06 12:32:47.621
!MESSAGE concert_wrap.IloEndMT

!ENTRY org.eclipse.core.jobs 2 2 2022-10-06 12:32:48.123
!MESSAGE Job found still running after platform shutdown.  Jobs should be canceled by the plugin that scheduled them during shutdown: ilog.odms.ide.opllang.remote.mbean.IloOplrunRemote$HeartBeatListenerJob

!ENTRY org.eclipse.core.jobs 2 2 2022-10-06 12:32:48.126
!MESSAGE Job found still running after platform shutdown.  Jobs should be canceled by the plugin that scheduled them during shutdown: ilog.odms.ide.opllang.remote.IloOplRunConfigRunner
!SESSION 2022-10-06 23:17:46.451 -----------------------------------------------
eclipse.buildId=unknown
java.fullversion=11.0.13+8
JRE 11 Windows 10 amd64-64-Bit Compressed References 20211022_218 (JIT enabled, AOT enabled)
OpenJ9   - e1e72c497
OMR      - 299b6a2d2
JCL      - 2d83aa3b76 based on jdk-11.0.13+8
BootLoader constants: OS=win32, ARCH=x86_64, WS=win32, NL=en_GB
Command-line arguments:  -clean -nl en_GB -configuration C:\Users\mars\Desktop\optim\opl\.metadata\workspace_oplrun

!ENTRY ilog.odms.ide.opllang.remote 1 0 2022-10-06 23:17:46.452
!MESSAGE Run TSP in C:/Users/mars/Desktop/optim/opl/hello-cplex
!SESSION 2022-10-06 23:18:42.165 -----------------------------------------------
eclipse.buildId=unknown
java.fullversion=11.0.13+8
JRE 11 Windows 10 amd64-64-Bit Compressed References 20211022_218 (JIT enabled, AOT enabled)
OpenJ9   - e1e72c497
OMR      - 299b6a2d2
JCL      - 2d83aa3b76 based on jdk-11.0.13+8
BootLoader constants: OS=win32, ARCH=x86_64, WS=win32, NL=en_GB
Command-line arguments:  -clean -nl en_GB -configuration C:\Users\mars\Desktop\optim\opl\.metadata\workspace_oplrun

!ENTRY ilog.odms.ide.opllang.remote 1 0 2022-10-06 23:18:42.166
!MESSAGE Run TSP in C:/Users/mars/Desktop/optim/opl/hello-cplex
!SESSION 2022-10-06 23:20:08.181 -----------------------------------------------
eclipse.buildId=unknown
java.fullversion=11.0.13+8
JRE 11 Windows 10 amd64-64-Bit Compressed References 20211022_218 (JIT enabled, AOT enabled)
OpenJ9   - e1e72c497
OMR      - 299b6a2d2
JCL      - 2d83aa3b76 based on jdk-11.0.13+8
BootLoader constants: OS=win32, ARCH=x86_64, WS=win32, NL=en_GB
Command-line arguments:  -clean -nl en_GB -configuration C:\Users\mars\Desktop\optim\opl\.metadata\workspace_oplrun

!ENTRY ilog.odms.ide.opllang.remote 1 0 2022-10-06 23:20:08.181
!MESSAGE Run TSP in C:/Users/mars/Desktop/optim/opl/hello-cplex
!SESSION 2022-10-06 23:20:33.704 -----------------------------------------------
eclipse.buildId=unknown
java.fullversion=11.0.13+8
JRE 11 Windows 10 amd64-64-Bit Compressed References 20211022_218 (JIT enabled, AOT enabled)
OpenJ9   - e1e72c497
OMR      - 299b6a2d2
JCL      - 2d83aa3b76 based on jdk-11.0.13+8
BootLoader constants: OS=win32, ARCH=x86_64, WS=win32, NL=en_GB
Command-line arguments:  -clean -nl en_GB -configuration C:\Users\mars\Desktop\optim\opl\.metadata\workspace_oplrun

!ENTRY ilog.odms.ide.opllang.remote 1 0 2022-10-06 23:20:33.705
!MESSAGE Run TSP in C:/Users/mars/Desktop/optim/opl/hello-cplex
!SESSION 2022-10-06 23:25:22.517 -----------------------------------------------
eclipse.buildId=unknown
java.fullversion=11.0.13+8
JRE 11 Windows 10 amd64-64-Bit Compressed References 20211022_218 (JIT enabled, AOT enabled)
OpenJ9   - e1e72c497
OMR      - 299b6a2d2
JCL      - 2d83aa3b76 based on jdk-11.0.13+8
BootLoader constants: OS=win32, ARCH=x86_64, WS=win32, NL=en_GB
Command-line arguments:  -clean -nl en_GB -configuration C:\Users\mars\Desktop\optim\opl\.metadata\workspace_oplrun

!ENTRY ilog.odms.ide.opllang.remote 1 0 2022-10-06 23:25:22.518
!MESSAGE Run TSP in C:/Users/mars/Desktop/optim/opl/hello-cplex
!SESSION 2022-10-06 23:25:41.147 -----------------------------------------------
eclipse.buildId=unknown
java.fullversion=11.0.13+8
JRE 11 Windows 10 amd64-64-Bit Compressed References 20211022_218 (JIT enabled, AOT enabled)
OpenJ9   - e1e72c497
OMR      - 299b6a2d2
JCL      - 2d83aa3b76 based on jdk-11.0.13+8
BootLoader constants: OS=win32, ARCH=x86_64, WS=win32, NL=en_GB
Command-line arguments:  -clean -nl en_GB -configuration C:\Users\mars\Desktop\optim\opl\.metadata\workspace_oplrun

!ENTRY ilog.odms.ide.opllang.remote 1 0 2022-10-06 23:25:41.147
!MESSAGE Run TSP in C:/Users/mars/Desktop/optim/opl/hello-cplex
!SESSION 2022-10-06 23:25:51.619 -----------------------------------------------
eclipse.buildId=unknown
java.fullversion=11.0.13+8
JRE 11 Windows 10 amd64-64-Bit Compressed References 20211022_218 (JIT enabled, AOT enabled)
OpenJ9   - e1e72c497
OMR      - 299b6a2d2
JCL      - 2d83aa3b76 based on jdk-11.0.13+8
BootLoader constants: OS=win32, ARCH=x86_64, WS=win32, NL=en_GB
Command-line arguments:  -clean -nl en_GB -configuration C:\Users\mars\Desktop\optim\opl\.metadata\workspace_oplrun

!ENTRY ilog.odms.ide.opllang.remote 1 0 2022-10-06 23:25:51.620
!MESSAGE Run TSP in C:/Users/mars/Desktop/optim/opl/hello-cplex
!SESSION 2022-10-06 23:26:10.424 -----------------------------------------------
eclipse.buildId=unknown
java.fullversion=11.0.13+8
JRE 11 Windows 10 amd64-64-Bit Compressed References 20211022_218 (JIT enabled, AOT enabled)
OpenJ9   - e1e72c497
OMR      - 299b6a2d2
JCL      - 2d83aa3b76 based on jdk-11.0.13+8
BootLoader constants: OS=win32, ARCH=x86_64, WS=win32, NL=en_GB
Command-line arguments:  -clean -nl en_GB -configuration C:\Users\mars\Desktop\optim\opl\.metadata\workspace_oplrun

!ENTRY ilog.odms.ide.opllang.remote 1 0 2022-10-06 23:26:10.424
!MESSAGE Run TSP in C:/Users/mars/Desktop/optim/opl/hello-cplex
!SESSION 2022-10-06 23:27:06.846 -----------------------------------------------
eclipse.buildId=unknown
java.fullversion=11.0.13+8
JRE 11 Windows 10 amd64-64-Bit Compressed References 20211022_218 (JIT enabled, AOT enabled)
OpenJ9   - e1e72c497
OMR      - 299b6a2d2
JCL      - 2d83aa3b76 based on jdk-11.0.13+8
BootLoader constants: OS=win32, ARCH=x86_64, WS=win32, NL=en_GB
Command-line arguments:  -clean -nl en_GB -configuration C:\Users\mars\Desktop\optim\opl\.metadata\workspace_oplrun

!ENTRY ilog.odms.ide.opllang.remote 1 0 2022-10-06 23:27:06.846
!MESSAGE Run TSP in C:/Users/mars/Desktop/optim/opl/hello-cplex
!SESSION 2022-10-06 23:27:20.802 -----------------------------------------------
eclipse.buildId=unknown
java.fullversion=11.0.13+8
JRE 11 Windows 10 amd64-64-Bit Compressed References 20211022_218 (JIT enabled, AOT enabled)
OpenJ9   - e1e72c497
OMR      - 299b6a2d2
JCL      - 2d83aa3b76 based on jdk-11.0.13+8
BootLoader constants: OS=win32, ARCH=x86_64, WS=win32, NL=en_GB
Command-line arguments:  -clean -nl en_GB -configuration C:\Users\mars\Desktop\optim\opl\.metadata\workspace_oplrun

!ENTRY ilog.odms.ide.opllang.remote 1 0 2022-10-06 23:27:20.802
!MESSAGE Run TSP in C:/Users/mars/Desktop/optim/opl/hello-cplex
!SESSION 2022-10-06 23:29:35.538 -----------------------------------------------
eclipse.buildId=unknown
java.fullversion=11.0.13+8
JRE 11 Windows 10 amd64-64-Bit Compressed References 20211022_218 (JIT enabled, AOT enabled)
OpenJ9   - e1e72c497
OMR      - 299b6a2d2
JCL      - 2d83aa3b76 based on jdk-11.0.13+8
BootLoader constants: OS=win32, ARCH=x86_64, WS=win32, NL=en_GB
Command-line arguments:  -clean -nl en_GB -configuration C:\Users\mars\Desktop\optim\opl\.metadata\workspace_oplrun

!ENTRY ilog.odms.ide.opllang.remote 1 0 2022-10-06 23:29:35.539
!MESSAGE Run TSP in C:/Users/mars/Desktop/optim/opl/hello-cplex
!SESSION 2022-10-06 23:30:16.743 -----------------------------------------------
eclipse.buildId=unknown
java.fullversion=11.0.13+8
JRE 11 Windows 10 amd64-64-Bit Compressed References 20211022_218 (JIT enabled, AOT enabled)
OpenJ9   - e1e72c497
OMR      - 299b6a2d2
JCL      - 2d83aa3b76 based on jdk-11.0.13+8
BootLoader constants: OS=win32, ARCH=x86_64, WS=win32, NL=en_GB
Command-line arguments:  -clean -nl en_GB -configuration C:\Users\mars\Desktop\optim\opl\.metadata\workspace_oplrun

!ENTRY ilog.odms.ide.opllang.remote 1 0 2022-10-06 23:30:16.743
!MESSAGE Run TSP in C:/Users/mars/Desktop/optim/opl/hello-cplex
!SESSION 2022-10-06 23:31:24.671 -----------------------------------------------
eclipse.buildId=unknown
java.fullversion=11.0.13+8
JRE 11 Windows 10 amd64-64-Bit Compressed References 20211022_218 (JIT enabled, AOT enabled)
OpenJ9   - e1e72c497
OMR      - 299b6a2d2
JCL      - 2d83aa3b76 based on jdk-11.0.13+8
BootLoader constants: OS=win32, ARCH=x86_64, WS=win32, NL=en_GB
Command-line arguments:  -clean -nl en_GB -configuration C:\Users\mars\Desktop\optim\opl\.metadata\workspace_oplrun

!ENTRY ilog.odms.ide.opllang.remote 1 0 2022-10-06 23:31:24.671
!MESSAGE Run TSP in C:/Users/mars/Desktop/optim/opl/hello-cplex
!SESSION 2022-10-06 23:40:00.105 -----------------------------------------------
eclipse.buildId=unknown
java.fullversion=11.0.13+8
JRE 11 Windows 10 amd64-64-Bit Compressed References 20211022_218 (JIT enabled, AOT enabled)
OpenJ9   - e1e72c497
OMR      - 299b6a2d2
JCL      - 2d83aa3b76 based on jdk-11.0.13+8
BootLoader constants: OS=win32, ARCH=x86_64, WS=win32, NL=en_GB
Command-line arguments:  -clean -nl en_GB -configuration C:\Users\mars\Desktop\optim\opl\.metadata\workspace_oplrun

!ENTRY ilog.odms.ide.opllang.remote 1 0 2022-10-06 23:40:00.106
!MESSAGE Run TSP in C:/Users/mars/Desktop/optim/opl/hello-cplex
!SESSION 2022-10-06 23:40:19.281 -----------------------------------------------
eclipse.buildId=unknown
java.fullversion=11.0.13+8
JRE 11 Windows 10 amd64-64-Bit Compressed References 20211022_218 (JIT enabled, AOT enabled)
OpenJ9   - e1e72c497
OMR      - 299b6a2d2
JCL      - 2d83aa3b76 based on jdk-11.0.13+8
BootLoader constants: OS=win32, ARCH=x86_64, WS=win32, NL=en_GB
Command-line arguments:  -clean -nl en_GB -configuration C:\Users\mars\Desktop\optim\opl\.metadata\workspace_oplrun

!ENTRY ilog.odms.ide.opllang.remote 1 0 2022-10-06 23:40:19.282
!MESSAGE Run TSP in C:/Users/mars/Desktop/optim/opl/hello-cplex
!SESSION 2022-10-06 23:41:59.858 -----------------------------------------------
eclipse.buildId=unknown
java.fullversion=11.0.13+8
JRE 11 Windows 10 amd64-64-Bit Compressed References 20211022_218 (JIT enabled, AOT enabled)
OpenJ9   - e1e72c497
OMR      - 299b6a2d2
JCL      - 2d83aa3b76 based on jdk-11.0.13+8
BootLoader constants: OS=win32, ARCH=x86_64, WS=win32, NL=en_GB
Command-line arguments:  -clean -nl en_GB -configuration C:\Users\mars\Desktop\optim\opl\.metadata\workspace_oplrun

!ENTRY ilog.odms.ide.opllang.remote 1 0 2022-10-06 23:41:59.858
!MESSAGE Run TSP in C:/Users/mars/Desktop/optim/opl/hello-cplex
!SESSION 2022-10-06 23:42:29.747 -----------------------------------------------
eclipse.buildId=unknown
java.fullversion=11.0.13+8
JRE 11 Windows 10 amd64-64-Bit Compressed References 20211022_218 (JIT enabled, AOT enabled)
OpenJ9   - e1e72c497
OMR      - 299b6a2d2
JCL      - 2d83aa3b76 based on jdk-11.0.13+8
BootLoader constants: OS=win32, ARCH=x86_64, WS=win32, NL=en_GB
Command-line arguments:  -clean -nl en_GB -configuration C:\Users\mars\Desktop\optim\opl\.metadata\workspace_oplrun

!ENTRY ilog.odms.ide.opllang.remote 1 0 2022-10-06 23:42:29.748
!MESSAGE Run TSP in C:/Users/mars/Desktop/optim/opl/hello-cplex
!SESSION 2022-10-06 23:43:18.339 -----------------------------------------------
eclipse.buildId=unknown
java.fullversion=11.0.13+8
JRE 11 Windows 10 amd64-64-Bit Compressed References 20211022_218 (JIT enabled, AOT enabled)
OpenJ9   - e1e72c497
OMR      - 299b6a2d2
JCL      - 2d83aa3b76 based on jdk-11.0.13+8
BootLoader constants: OS=win32, ARCH=x86_64, WS=win32, NL=en_GB
Command-line arguments:  -clean -nl en_GB -configuration C:\Users\mars\Desktop\optim\opl\.metadata\workspace_oplrun

!ENTRY ilog.odms.ide.opllang.remote 1 0 2022-10-06 23:43:18.339
!MESSAGE Run TSP in C:/Users/mars/Desktop/optim/opl/hello-cplex
!SESSION 2022-10-06 23:45:43.129 -----------------------------------------------
eclipse.buildId=unknown
java.fullversion=11.0.13+8
JRE 11 Windows 10 amd64-64-Bit Compressed References 20211022_218 (JIT enabled, AOT enabled)
OpenJ9   - e1e72c497
OMR      - 299b6a2d2
JCL      - 2d83aa3b76 based on jdk-11.0.13+8
BootLoader constants: OS=win32, ARCH=x86_64, WS=win32, NL=en_GB
Command-line arguments:  -clean -nl en_GB -configuration C:\Users\mars\Desktop\optim\opl\.metadata\workspace_oplrun

!ENTRY ilog.odms.ide.opllang.remote 1 0 2022-10-06 23:45:43.130
!MESSAGE Run TSP in C:/Users/mars/Desktop/optim/opl/hello-cplex
!SESSION 2022-10-06 23:50:19.988 -----------------------------------------------
eclipse.buildId=unknown
java.fullversion=11.0.13+8
JRE 11 Windows 10 amd64-64-Bit Compressed References 20211022_218 (JIT enabled, AOT enabled)
OpenJ9   - e1e72c497
OMR      - 299b6a2d2
JCL      - 2d83aa3b76 based on jdk-11.0.13+8
BootLoader constants: OS=win32, ARCH=x86_64, WS=win32, NL=en_GB
Command-line arguments:  -clean -nl en_GB -configuration C:\Users\mars\Desktop\optim\opl\.metadata\workspace_oplrun

!ENTRY ilog.odms.ide.opllang.remote 1 0 2022-10-06 23:50:19.989
!MESSAGE Run TSP in C:/Users/mars/Desktop/optim/opl/hello-cplex
!SESSION 2022-10-06 23:51:51.439 -----------------------------------------------
eclipse.buildId=unknown
java.fullversion=11.0.13+8
JRE 11 Windows 10 amd64-64-Bit Compressed References 20211022_218 (JIT enabled, AOT enabled)
OpenJ9   - e1e72c497
OMR      - 299b6a2d2
JCL      - 2d83aa3b76 based on jdk-11.0.13+8
BootLoader constants: OS=win32, ARCH=x86_64, WS=win32, NL=en_GB
Command-line arguments:  -clean -nl en_GB -configuration C:\Users\mars\Desktop\optim\opl\.metadata\workspace_oplrun

!ENTRY ilog.odms.ide.opllang.remote 1 0 2022-10-06 23:51:51.439
!MESSAGE Run TSP in C:/Users/mars/Desktop/optim/opl/hello-cplex
!SESSION 2022-10-06 23:52:27.443 -----------------------------------------------
eclipse.buildId=unknown
java.fullversion=11.0.13+8
JRE 11 Windows 10 amd64-64-Bit Compressed References 20211022_218 (JIT enabled, AOT enabled)
OpenJ9   - e1e72c497
OMR      - 299b6a2d2
JCL      - 2d83aa3b76 based on jdk-11.0.13+8
BootLoader constants: OS=win32, ARCH=x86_64, WS=win32, NL=en_GB
Command-line arguments:  -clean -nl en_GB -configuration C:\Users\mars\Desktop\optim\opl\.metadata\workspace_oplrun

!ENTRY ilog.odms.ide.opllang.remote 1 0 2022-10-06 23:52:27.444
!MESSAGE Run TSP in C:/Users/mars/Desktop/optim/opl/hello-cplex
!SESSION 2022-10-06 23:53:34.121 -----------------------------------------------
eclipse.buildId=unknown
java.fullversion=11.0.13+8
JRE 11 Windows 10 amd64-64-Bit Compressed References 20211022_218 (JIT enabled, AOT enabled)
OpenJ9   - e1e72c497
OMR      - 299b6a2d2
JCL      - 2d83aa3b76 based on jdk-11.0.13+8
BootLoader constants: OS=win32, ARCH=x86_64, WS=win32, NL=en_GB
Command-line arguments:  -clean -nl en_GB -configuration C:\Users\mars\Desktop\optim\opl\.metadata\workspace_oplrun

!ENTRY ilog.odms.ide.opllang.remote 1 0 2022-10-06 23:53:34.122
!MESSAGE Run TSP in C:/Users/mars/Desktop/optim/opl/hello-cplex
!SESSION 2022-10-06 23:55:35.827 -----------------------------------------------
eclipse.buildId=unknown
java.fullversion=11.0.13+8
JRE 11 Windows 10 amd64-64-Bit Compressed References 20211022_218 (JIT enabled, AOT enabled)
OpenJ9   - e1e72c497
OMR      - 299b6a2d2
JCL      - 2d83aa3b76 based on jdk-11.0.13+8
BootLoader constants: OS=win32, ARCH=x86_64, WS=win32, NL=en_GB
Command-line arguments:  -clean -nl en_GB -configuration C:\Users\mars\Desktop\optim\opl\.metadata\workspace_oplrun

!ENTRY ilog.odms.ide.opllang.remote 1 0 2022-10-06 23:55:35.828
!MESSAGE Run TSP in C:/Users/mars/Desktop/optim/opl/hello-cplex
!SESSION 2022-10-06 23:55:53.633 -----------------------------------------------
eclipse.buildId=unknown
java.fullversion=11.0.13+8
JRE 11 Windows 10 amd64-64-Bit Compressed References 20211022_218 (JIT enabled, AOT enabled)
OpenJ9   - e1e72c497
OMR      - 299b6a2d2
JCL      - 2d83aa3b76 based on jdk-11.0.13+8
BootLoader constants: OS=win32, ARCH=x86_64, WS=win32, NL=en_GB
Command-line arguments:  -clean -nl en_GB -configuration C:\Users\mars\Desktop\optim\opl\.metadata\workspace_oplrun

!ENTRY ilog.odms.ide.opllang.remote 1 0 2022-10-06 23:55:53.633
!MESSAGE Run TSP in C:/Users/mars/Desktop/optim/opl/hello-cplex
!SESSION 2022-10-06 23:58:42.031 -----------------------------------------------
eclipse.buildId=unknown
java.fullversion=11.0.13+8
JRE 11 Windows 10 amd64-64-Bit Compressed References 20211022_218 (JIT enabled, AOT enabled)
OpenJ9   - e1e72c497
OMR      - 299b6a2d2
JCL      - 2d83aa3b76 based on jdk-11.0.13+8
BootLoader constants: OS=win32, ARCH=x86_64, WS=win32, NL=en_GB
Command-line arguments:  -clean -nl en_GB -configuration C:\Users\mars\Desktop\optim\opl\.metadata\workspace_oplrun

!ENTRY ilog.odms.ide.opllang.remote 1 0 2022-10-06 23:58:42.031
!MESSAGE Run TSP in C:/Users/mars/Desktop/optim/opl/hello-cplex
!SESSION 2022-10-07 00:00:37.327 -----------------------------------------------
eclipse.buildId=unknown
java.fullversion=11.0.13+8
JRE 11 Windows 10 amd64-64-Bit Compressed References 20211022_218 (JIT enabled, AOT enabled)
OpenJ9   - e1e72c497
OMR      - 299b6a2d2
JCL      - 2d83aa3b76 based on jdk-11.0.13+8
BootLoader constants: OS=win32, ARCH=x86_64, WS=win32, NL=en_GB
Command-line arguments:  -clean -nl en_GB -configuration C:\Users\mars\Desktop\optim\opl\.metadata\workspace_oplrun

!ENTRY ilog.odms.ide.opllang.remote 1 0 2022-10-07 00:00:37.328
!MESSAGE Run TSP in C:/Users/mars/Desktop/optim/opl/hello-cplex
!SESSION 2022-10-07 00:04:41.857 -----------------------------------------------
eclipse.buildId=unknown
java.fullversion=11.0.13+8
JRE 11 Windows 10 amd64-64-Bit Compressed References 20211022_218 (JIT enabled, AOT enabled)
OpenJ9   - e1e72c497
OMR      - 299b6a2d2
JCL      - 2d83aa3b76 based on jdk-11.0.13+8
BootLoader constants: OS=win32, ARCH=x86_64, WS=win32, NL=en_GB
Command-line arguments:  -clean -nl en_GB -configuration C:\Users\mars\Desktop\optim\opl\.metadata\workspace_oplrun

!ENTRY ilog.odms.ide.opllang.remote 1 0 2022-10-07 00:04:41.857
!MESSAGE Run TSP in C:/Users/mars/Desktop/optim/opl/hello-cplex
!SESSION 2022-10-07 00:04:58.777 -----------------------------------------------
eclipse.buildId=unknown
java.fullversion=11.0.13+8
JRE 11 Windows 10 amd64-64-Bit Compressed References 20211022_218 (JIT enabled, AOT enabled)
OpenJ9   - e1e72c497
OMR      - 299b6a2d2
JCL      - 2d83aa3b76 based on jdk-11.0.13+8
BootLoader constants: OS=win32, ARCH=x86_64, WS=win32, NL=en_GB
Command-line arguments:  -clean -nl en_GB -configuration C:\Users\mars\Desktop\optim\opl\.metadata\workspace_oplrun

!ENTRY ilog.odms.ide.opllang.remote 1 0 2022-10-07 00:04:58.777
!MESSAGE Run TSP in C:/Users/mars/Desktop/optim/opl/hello-cplex
!SESSION 2022-10-07 00:05:10.025 -----------------------------------------------
eclipse.buildId=unknown
java.fullversion=11.0.13+8
JRE 11 Windows 10 amd64-64-Bit Compressed References 20211022_218 (JIT enabled, AOT enabled)
OpenJ9   - e1e72c497
OMR      - 299b6a2d2
JCL      - 2d83aa3b76 based on jdk-11.0.13+8
BootLoader constants: OS=win32, ARCH=x86_64, WS=win32, NL=en_GB
Command-line arguments:  -clean -nl en_GB -configuration C:\Users\mars\Desktop\optim\opl\.metadata\workspace_oplrun

!ENTRY ilog.odms.ide.opllang.remote 1 0 2022-10-07 00:05:10.025
!MESSAGE Run TSP in C:/Users/mars/Desktop/optim/opl/hello-cplex
!SESSION 2022-10-07 00:08:50.145 -----------------------------------------------
eclipse.buildId=unknown
java.fullversion=11.0.13+8
JRE 11 Windows 10 amd64-64-Bit Compressed References 20211022_218 (JIT enabled, AOT enabled)
OpenJ9   - e1e72c497
OMR      - 299b6a2d2
JCL      - 2d83aa3b76 based on jdk-11.0.13+8
BootLoader constants: OS=win32, ARCH=x86_64, WS=win32, NL=en_GB
Command-line arguments:  -clean -nl en_GB -configuration C:\Users\mars\Desktop\optim\opl\.metadata\workspace_oplrun

!ENTRY ilog.odms.ide.opllang.remote 1 0 2022-10-07 00:08:50.146
!MESSAGE Run TSP in C:/Users/mars/Desktop/optim/opl/hello-cplex
!SESSION 2022-10-07 00:09:15.636 -----------------------------------------------
eclipse.buildId=unknown
java.fullversion=11.0.13+8
JRE 11 Windows 10 amd64-64-Bit Compressed References 20211022_218 (JIT enabled, AOT enabled)
OpenJ9   - e1e72c497
OMR      - 299b6a2d2
JCL      - 2d83aa3b76 based on jdk-11.0.13+8
BootLoader constants: OS=win32, ARCH=x86_64, WS=win32, NL=en_GB
Command-line arguments:  -clean -nl en_GB -configuration C:\Users\mars\Desktop\optim\opl\.metadata\workspace_oplrun

!ENTRY ilog.odms.ide.opllang.remote 1 0 2022-10-07 00:09:15.637
!MESSAGE Run TSP in C:/Users/mars/Desktop/optim/opl/hello-cplex
!SESSION 2022-10-07 00:09:31.417 -----------------------------------------------
eclipse.buildId=unknown
java.fullversion=11.0.13+8
JRE 11 Windows 10 amd64-64-Bit Compressed References 20211022_218 (JIT enabled, AOT enabled)
OpenJ9   - e1e72c497
OMR      - 299b6a2d2
JCL      - 2d83aa3b76 based on jdk-11.0.13+8
BootLoader constants: OS=win32, ARCH=x86_64, WS=win32, NL=en_GB
Command-line arguments:  -clean -nl en_GB -configuration C:\Users\mars\Desktop\optim\opl\.metadata\workspace_oplrun

!ENTRY ilog.odms.ide.opllang.remote 1 0 2022-10-07 00:09:31.418
!MESSAGE Run TSP in C:/Users/mars/Desktop/optim/opl/hello-cplex
!SESSION 2022-10-07 07:33:30.006 -----------------------------------------------
eclipse.buildId=unknown
java.fullversion=11.0.13+8
JRE 11 Windows 10 amd64-64-Bit Compressed References 20211022_218 (JIT enabled, AOT enabled)
OpenJ9   - e1e72c497
OMR      - 299b6a2d2
JCL      - 2d83aa3b76 based on jdk-11.0.13+8
BootLoader constants: OS=win32, ARCH=x86_64, WS=win32, NL=en_GB
Command-line arguments:  -clean -nl en_GB -configuration C:\Users\mars\Desktop\optim\opl\.metadata\workspace_oplrun

!ENTRY ilog.odms.ide.opllang.remote 1 0 2022-10-07 07:33:30.007
!MESSAGE Run TSP in C:/Users/mars/Desktop/optim/opl/hello-cplex
!SESSION 2022-10-07 07:34:11.666 -----------------------------------------------
eclipse.buildId=unknown
java.fullversion=11.0.13+8
JRE 11 Windows 10 amd64-64-Bit Compressed References 20211022_218 (JIT enabled, AOT enabled)
OpenJ9   - e1e72c497
OMR      - 299b6a2d2
JCL      - 2d83aa3b76 based on jdk-11.0.13+8
BootLoader constants: OS=win32, ARCH=x86_64, WS=win32, NL=en_GB
Command-line arguments:  -clean -nl en_GB -configuration C:\Users\mars\Desktop\optim\opl\.metadata\workspace_oplrun

!ENTRY ilog.odms.ide.opllang.remote 1 0 2022-10-07 07:34:11.666
!MESSAGE Run TSP in C:/Users/mars/Desktop/optim/opl/hello-cplex
!SESSION 2022-10-07 07:34:17.981 -----------------------------------------------
eclipse.buildId=unknown
java.fullversion=11.0.13+8
JRE 11 Windows 10 amd64-64-Bit Compressed References 20211022_218 (JIT enabled, AOT enabled)
OpenJ9   - e1e72c497
OMR      - 299b6a2d2
JCL      - 2d83aa3b76 based on jdk-11.0.13+8
BootLoader constants: OS=win32, ARCH=x86_64, WS=win32, NL=en_GB
Command-line arguments:  -clean -nl en_GB -configuration C:\Users\mars\Desktop\optim\opl\.metadata\workspace_oplrun

!ENTRY ilog.odms.ide.opllang.remote 1 0 2022-10-07 07:34:17.981
!MESSAGE Run TSP in C:/Users/mars/Desktop/optim/opl/hello-cplex
!SESSION 2022-10-07 09:43:27.989 -----------------------------------------------
eclipse.buildId=unknown
java.fullversion=11.0.13+8
JRE 11 Windows 10 amd64-64-Bit Compressed References 20211022_218 (JIT enabled, AOT enabled)
OpenJ9   - e1e72c497
OMR      - 299b6a2d2
JCL      - 2d83aa3b76 based on jdk-11.0.13+8
BootLoader constants: OS=win32, ARCH=x86_64, WS=win32, NL=en_GB
Command-line arguments:  -clean -nl en_GB -configuration C:\Users\mars\Desktop\optim\opl\.metadata\workspace_oplrun

!ENTRY ilog.odms.ide.opllang.remote 1 0 2022-10-07 09:43:27.989
!MESSAGE Run TSP in C:/Users/mars/Desktop/optim/opl/hello-cplex
!SESSION 2022-10-07 09:47:20.766 -----------------------------------------------
eclipse.buildId=unknown
java.fullversion=11.0.13+8
JRE 11 Windows 10 amd64-64-Bit Compressed References 20211022_218 (JIT enabled, AOT enabled)
OpenJ9   - e1e72c497
OMR      - 299b6a2d2
JCL      - 2d83aa3b76 based on jdk-11.0.13+8
BootLoader constants: OS=win32, ARCH=x86_64, WS=win32, NL=en_GB
Command-line arguments:  -clean -nl en_GB -configuration C:\Users\mars\Desktop\optim\opl\.metadata\workspace_oplrun

!ENTRY ilog.odms.ide.opllang.remote 1 0 2022-10-07 09:47:20.766
!MESSAGE Run TSP in C:/Users/mars/Desktop/optim/opl/hello-cplex
!SESSION 2022-10-07 10:06:57.899 -----------------------------------------------
eclipse.buildId=unknown
java.fullversion=11.0.13+8
JRE 11 Windows 10 amd64-64-Bit Compressed References 20211022_218 (JIT enabled, AOT enabled)
OpenJ9   - e1e72c497
OMR      - 299b6a2d2
JCL      - 2d83aa3b76 based on jdk-11.0.13+8
BootLoader constants: OS=win32, ARCH=x86_64, WS=win32, NL=en_GB
Command-line arguments:  -clean -nl en_GB -configuration C:\Users\mars\Desktop\optim\opl\.metadata\workspace_oplrun

!ENTRY ilog.odms.ide.opllang.remote 1 0 2022-10-07 10:06:57.899
!MESSAGE Run TSP in C:/Users/mars/Desktop/optim/opl/hello-cplex
!SESSION 2022-10-07 10:12:59.348 -----------------------------------------------
eclipse.buildId=unknown
java.fullversion=11.0.13+8
JRE 11 Windows 10 amd64-64-Bit Compressed References 20211022_218 (JIT enabled, AOT enabled)
OpenJ9   - e1e72c497
OMR      - 299b6a2d2
JCL      - 2d83aa3b76 based on jdk-11.0.13+8
BootLoader constants: OS=win32, ARCH=x86_64, WS=win32, NL=en_GB
Command-line arguments:  -clean -nl en_GB -configuration C:\Users\mars\Desktop\optim\opl\.metadata\workspace_oplrun

!ENTRY ilog.odms.ide.opllang.remote 1 0 2022-10-07 10:12:59.349
!MESSAGE Run TSP in C:/Users/mars/Desktop/optim/opl/hello-cplex
!SESSION 2022-10-07 10:13:12.444 -----------------------------------------------
eclipse.buildId=unknown
java.fullversion=11.0.13+8
JRE 11 Windows 10 amd64-64-Bit Compressed References 20211022_218 (JIT enabled, AOT enabled)
OpenJ9   - e1e72c497
OMR      - 299b6a2d2
JCL      - 2d83aa3b76 based on jdk-11.0.13+8
BootLoader constants: OS=win32, ARCH=x86_64, WS=win32, NL=en_GB
Command-line arguments:  -clean -nl en_GB -configuration C:\Users\mars\Desktop\optim\opl\.metadata\workspace_oplrun

!ENTRY ilog.odms.ide.opllang.remote 1 0 2022-10-07 10:13:12.444
!MESSAGE Run TSP in C:/Users/mars/Desktop/optim/opl/hello-cplex
!SESSION 2022-10-07 10:21:35.705 -----------------------------------------------
eclipse.buildId=unknown
java.fullversion=11.0.13+8
JRE 11 Windows 10 amd64-64-Bit Compressed References 20211022_218 (JIT enabled, AOT enabled)
OpenJ9   - e1e72c497
OMR      - 299b6a2d2
JCL      - 2d83aa3b76 based on jdk-11.0.13+8
BootLoader constants: OS=win32, ARCH=x86_64, WS=win32, NL=en_GB
Command-line arguments:  -clean -nl en_GB -configuration C:\Users\mars\Desktop\optim\opl\.metadata\workspace_oplrun

!ENTRY ilog.odms.ide.opllang.remote 1 0 2022-10-07 10:21:35.705
!MESSAGE Run TSP in C:/Users/mars/Desktop/optim/opl/hello-cplex
!SESSION 2022-10-07 10:23:37.495 -----------------------------------------------
eclipse.buildId=unknown
java.fullversion=11.0.13+8
JRE 11 Windows 10 amd64-64-Bit Compressed References 20211022_218 (JIT enabled, AOT enabled)
OpenJ9   - e1e72c497
OMR      - 299b6a2d2
JCL      - 2d83aa3b76 based on jdk-11.0.13+8
BootLoader constants: OS=win32, ARCH=x86_64, WS=win32, NL=en_GB
Command-line arguments:  -clean -nl en_GB -configuration C:\Users\mars\Desktop\optim\opl\.metadata\workspace_oplrun

!ENTRY ilog.odms.ide.opllang.remote 1 0 2022-10-07 10:23:37.496
!MESSAGE Run TSP in C:/Users/mars/Desktop/optim/opl/hello-cplex
!SESSION 2022-10-07 10:31:53.230 -----------------------------------------------
eclipse.buildId=unknown
java.fullversion=11.0.13+8
JRE 11 Windows 10 amd64-64-Bit Compressed References 20211022_218 (JIT enabled, AOT enabled)
OpenJ9   - e1e72c497
OMR      - 299b6a2d2
JCL      - 2d83aa3b76 based on jdk-11.0.13+8
BootLoader constants: OS=win32, ARCH=x86_64, WS=win32, NL=en_GB
Command-line arguments:  -clean -nl en_GB -configuration C:\Users\mars\Desktop\optim\opl\.metadata\workspace_oplrun

!ENTRY ilog.odms.ide.opllang.remote 1 0 2022-10-07 10:31:53.231
!MESSAGE Run TSP in C:/Users/mars/Desktop/optim/opl/hello-cplex
!SESSION 2022-10-07 10:32:07.559 -----------------------------------------------
eclipse.buildId=unknown
java.fullversion=11.0.13+8
JRE 11 Windows 10 amd64-64-Bit Compressed References 20211022_218 (JIT enabled, AOT enabled)
OpenJ9   - e1e72c497
OMR      - 299b6a2d2
JCL      - 2d83aa3b76 based on jdk-11.0.13+8
BootLoader constants: OS=win32, ARCH=x86_64, WS=win32, NL=en_GB
Command-line arguments:  -clean -nl en_GB -configuration C:\Users\mars\Desktop\optim\opl\.metadata\workspace_oplrun

!ENTRY ilog.odms.ide.opllang.remote 1 0 2022-10-07 10:32:07.559
!MESSAGE Run TSP in C:/Users/mars/Desktop/optim/opl/hello-cplex
!SESSION 2022-10-07 10:41:34.824 -----------------------------------------------
eclipse.buildId=unknown
java.fullversion=11.0.13+8
JRE 11 Windows 10 amd64-64-Bit Compressed References 20211022_218 (JIT enabled, AOT enabled)
OpenJ9   - e1e72c497
OMR      - 299b6a2d2
JCL      - 2d83aa3b76 based on jdk-11.0.13+8
BootLoader constants: OS=win32, ARCH=x86_64, WS=win32, NL=en_GB
Command-line arguments:  -clean -nl en_GB -configuration C:\Users\mars\Desktop\optim\opl\.metadata\workspace_oplrun

!ENTRY ilog.odms.ide.opllang.remote 1 0 2022-10-07 10:41:34.824
!MESSAGE Run TSP in C:/Users/mars/Desktop/optim/opl/hello-cplex

!ENTRY ilog.odms.ide.opllang.remote 4 0 2022-10-07 10:41:36.043
!MESSAGE run failed
!STACK 0
java.lang.NullPointerException
	at ilog.odms.ide.opllang.run.IloAbstractRunShell$TitledOutputStream.write(IloAbstractRunShell.java:1779)
	at ilog.concert.cppimpl.JavaToCppOutputStreamAdapter.writeToManaged(JavaToCppOutputStreamAdapter.java:37)
	at ilog.concert.cppimpl.concert_wrapJNI.SwigDirector_NotifierStream_writeToManaged(concert_wrapJNI.java:1615)
	at ilog.concert.cppimpl.concert_wrapJNI.ostream_flush(Native Method)
	at ilog.concert.cppimpl.ostream.flush(ostream.java:49)
	at ilog.odms.ide.opllang.run.IloAbstractRunShell$MyScriptDebugger.setOut(IloAbstractRunShell.java:602)
	at ilog.odms.ide.opllang.run.IloAbstractRunShell.postProcess(IloAbstractRunShell.java:1976)
	at ilog.odms.ide.opllang.run.IloAbstractRunShell.sendSolution(IloAbstractRunShell.java:1826)
	at ilog.odms.ide.opllang.run.IloAbstractRunShell.processSolution(IloAbstractRunShell.java:1880)
	at ilog.odms.ide.opllang.remote.IloOplRunConfigRunner.doProcessModel(IloOplRunConfigRunner.java:165)
	at ilog.odms.ide.opllang.remote.IloOplRunConfigRunner.doRun(IloOplRunConfigRunner.java:377)
	at ilog.odms.ide.opllang.run.IloAbstractRunShell$2.run(IloAbstractRunShell.java:1605)
	at org.eclipse.core.internal.jobs.Worker.run(Worker.java:63)
!SESSION 2022-10-07 10:41:38.173 -----------------------------------------------
eclipse.buildId=unknown
java.fullversion=11.0.13+8
JRE 11 Windows 10 amd64-64-Bit Compressed References 20211022_218 (JIT enabled, AOT enabled)
OpenJ9   - e1e72c497
OMR      - 299b6a2d2
JCL      - 2d83aa3b76 based on jdk-11.0.13+8
BootLoader constants: OS=win32, ARCH=x86_64, WS=win32, NL=en_GB
Command-line arguments:  -clean -nl en_GB -configuration C:\Users\mars\Desktop\optim\opl\.metadata\workspace_oplrun

!ENTRY ilog.odms.ide.opllang.remote 1 0 2022-10-07 10:41:38.173
!MESSAGE Run TSP in C:/Users/mars/Desktop/optim/opl/hello-cplex
